<?xml version="1.0" encoding="UTF-8"?>
<testsuite name="com.students.daopattern.mysql.TestDao" tests="2" skipped="0" failures="0" errors="0" timestamp="2017-10-16T08:54:59" hostname="VVS-PK" time="0.465">
  <properties/>
  <testcase name="TestDaoConection" classname="com.students.daopattern.mysql.TestDao" time="0.398"/>
  <testcase name="TestCreate" classname="com.students.daopattern.mysql.TestDao" time="0.067"/>
  <system-out><![CDATA[]]></system-out>
  <system-err><![CDATA[]]></system-err>
</testsuite>
